<?xml version="1.0" encoding="UTF-8"?>
<coverage generated="1536185021175" clover="3.2.0">
  <project timestamp="1536185021175" name="All files">
    <metrics statements="26" coveredstatements="26" conditionals="12" coveredconditionals="12" methods="6" coveredmethods="6" elements="44" coveredelements="44" complexity="0" loc="26" ncloc="26" packages="2" files="2" classes="2">
      <package name="src">
        <metrics statements="1" coveredstatements="1" conditionals="0" coveredconditionals="0" methods="1" coveredmethods="1"/>
        <file name="dummy.js" path="/Users/hxxiang/github/henryxiang/javascript-projects/algorithms/src/dummy.js">
          <metrics statements="1" coveredstatements="1" conditionals="0" coveredconditionals="0" methods="1" coveredmethods="1"/>
          <line num="2" count="1" type="stmt"/>
        </file>
      </package>
      <package name="src.array-utils">
        <metrics statements="25" coveredstatements="25" conditionals="12" coveredconditionals="12" methods="5" coveredmethods="5"/>
        <file name="index.js" path="/Users/hxxiang/github/henryxiang/javascript-projects/algorithms/src/array-utils/index.js">
          <metrics statements="25" coveredstatements="25" conditionals="12" coveredconditionals="12" methods="5" coveredmethods="5"/>
          <line num="8" count="8" type="stmt"/>
          <line num="9" count="8" type="stmt"/>
          <line num="10" count="8" type="stmt"/>
          <line num="18" count="1" type="stmt"/>
          <line num="19" count="5" type="stmt"/>
          <line num="20" count="5" type="stmt"/>
          <line num="21" count="5" type="stmt"/>
          <line num="31" count="5" type="cond" truecount="2" falsecount="0"/>
          <line num="32" count="1" type="stmt"/>
          <line num="34" count="4" type="stmt"/>
          <line num="35" count="8" type="cond" truecount="4" falsecount="0"/>
          <line num="36" count="2" type="stmt"/>
          <line num="37" count="6" type="cond" truecount="2" falsecount="0"/>
          <line num="38" count="1" type="stmt"/>
          <line num="41" count="1" type="stmt"/>
          <line num="49" count="1" type="stmt"/>
          <line num="50" count="1" type="stmt"/>
          <line num="51" count="1" type="stmt"/>
          <line num="52" count="2" type="stmt"/>
          <line num="62" count="5" type="cond" truecount="2" falsecount="0"/>
          <line num="63" count="1" type="stmt"/>
          <line num="65" count="4" type="stmt"/>
          <line num="66" count="13" type="cond" truecount="2" falsecount="0"/>
          <line num="67" count="2" type="stmt"/>
          <line num="70" count="2" type="stmt"/>
        </file>
      </package>
    </metrics>
  </project>
</coverage>
