<?xml version="1.0" encoding="UTF-8"?>
<coverage generated="1536189746273" clover="3.2.0">
  <project timestamp="1536189746274" name="All files">
    <metrics statements="109" coveredstatements="109" conditionals="50" coveredconditionals="50" methods="14" coveredmethods="14" elements="173" coveredelements="173" complexity="0" loc="109" ncloc="109" packages="3" files="6" classes="6">
      <package name="src">
        <metrics statements="1" coveredstatements="1" conditionals="0" coveredconditionals="0" methods="1" coveredmethods="1"/>
        <file name="dummy.js" path="/Users/hxxiang/github/henryxiang/javascript-projects/algorithms/src/dummy.js">
          <metrics statements="1" coveredstatements="1" conditionals="0" coveredconditionals="0" methods="1" coveredmethods="1"/>
          <line num="2" count="1" type="stmt"/>
        </file>
      </package>
      <package name="src.array-utils">
        <metrics statements="51" coveredstatements="51" conditionals="28" coveredconditionals="28" methods="7" coveredmethods="7"/>
        <file name="index.js" path="/Users/hxxiang/github/henryxiang/javascript-projects/algorithms/src/array-utils/index.js">
          <metrics statements="51" coveredstatements="51" conditionals="28" coveredconditionals="28" methods="7" coveredmethods="7"/>
          <line num="8" count="4022" type="stmt"/>
          <line num="9" count="4022" type="stmt"/>
          <line num="10" count="4022" type="stmt"/>
          <line num="18" count="6" type="stmt"/>
          <line num="19" count="505" type="stmt"/>
          <line num="20" count="505" type="stmt"/>
          <line num="21" count="505" type="stmt"/>
          <line num="31" count="13" type="cond" truecount="2" falsecount="0"/>
          <line num="32" count="1" type="stmt"/>
          <line num="34" count="12" type="stmt"/>
          <line num="35" count="16" type="cond" truecount="4" falsecount="0"/>
          <line num="36" count="6" type="stmt"/>
          <line num="37" count="10" type="cond" truecount="2" falsecount="0"/>
          <line num="38" count="5" type="stmt"/>
          <line num="41" count="1" type="stmt"/>
          <line num="49" count="1" type="stmt"/>
          <line num="50" count="1" type="stmt"/>
          <line num="51" count="1" type="stmt"/>
          <line num="52" count="2" type="stmt"/>
          <line num="62" count="9" type="cond" truecount="2" falsecount="0"/>
          <line num="63" count="1" type="stmt"/>
          <line num="65" count="8" type="stmt"/>
          <line num="66" count="29" type="cond" truecount="2" falsecount="0"/>
          <line num="67" count="2" type="stmt"/>
          <line num="70" count="6" type="stmt"/>
          <line num="80" count="104" type="cond" truecount="2" falsecount="0"/>
          <line num="81" count="2" type="stmt"/>
          <line num="83" count="104" type="cond" truecount="2" falsecount="0"/>
          <line num="84" count="102" type="stmt"/>
          <line num="86" count="104" type="cond" truecount="2" falsecount="0"/>
          <line num="87" count="1" type="stmt"/>
          <line num="89" count="103" type="stmt"/>
          <line num="90" count="103" type="stmt"/>
          <line num="91" count="103" type="stmt"/>
          <line num="92" count="5068" type="cond" truecount="2" falsecount="0"/>
          <line num="93" count="302" type="stmt"/>
          <line num="94" count="302" type="stmt"/>
          <line num="97" count="103" type="stmt"/>
          <line num="107" count="4" type="cond" truecount="2" falsecount="0"/>
          <line num="108" count="1" type="stmt"/>
          <line num="110" count="4" type="cond" truecount="2" falsecount="0"/>
          <line num="111" count="2" type="stmt"/>
          <line num="113" count="4" type="cond" truecount="2" falsecount="0"/>
          <line num="114" count="1" type="stmt"/>
          <line num="116" count="3" type="stmt"/>
          <line num="117" count="3" type="stmt"/>
          <line num="118" count="3" type="stmt"/>
          <line num="119" count="18" type="cond" truecount="2" falsecount="0"/>
          <line num="120" count="6" type="stmt"/>
          <line num="121" count="6" type="stmt"/>
          <line num="124" count="3" type="stmt"/>
        </file>
      </package>
      <package name="src.sort">
        <metrics statements="57" coveredstatements="57" conditionals="22" coveredconditionals="22" methods="6" coveredmethods="6"/>
        <file name="insertion-sort.js" path="/Users/hxxiang/github/henryxiang/javascript-projects/algorithms/src/sort/insertion-sort.js">
          <metrics statements="5" coveredstatements="5" conditionals="2" coveredconditionals="2" methods="1" coveredmethods="1"/>
          <line num="7" count="1" type="stmt"/>
          <line num="8" count="100" type="stmt"/>
          <line num="9" count="100" type="cond" truecount="2" falsecount="0"/>
          <line num="10" count="2566" type="stmt"/>
          <line num="11" count="2566" type="stmt"/>
        </file>
        <file name="merge-sort.js" path="/Users/hxxiang/github/henryxiang/javascript-projects/algorithms/src/sort/merge-sort.js">
          <metrics statements="26" coveredstatements="26" conditionals="12" coveredconditionals="12" methods="2" coveredmethods="2"/>
          <line num="2" count="102" type="cond" truecount="2" falsecount="0"/>
          <line num="3" count="1" type="stmt"/>
          <line num="5" count="101" type="stmt"/>
          <line num="6" count="101" type="stmt"/>
          <line num="7" count="101" type="stmt"/>
          <line num="8" count="101" type="stmt"/>
          <line num="9" count="680" type="cond" truecount="2" falsecount="0"/>
          <line num="10" count="72" type="stmt"/>
          <line num="11" count="72" type="stmt"/>
          <line num="12" count="608" type="cond" truecount="2" falsecount="0"/>
          <line num="13" count="90" type="stmt"/>
          <line num="14" count="90" type="stmt"/>
          <line num="15" count="518" type="cond" truecount="2" falsecount="0"/>
          <line num="16" count="271" type="stmt"/>
          <line num="17" count="271" type="stmt"/>
          <line num="19" count="247" type="stmt"/>
          <line num="20" count="247" type="stmt"/>
          <line num="26" count="199" type="cond" truecount="2" falsecount="0"/>
          <line num="27" count="1" type="stmt"/>
          <line num="28" count="1" type="stmt"/>
          <line num="30" count="199" type="cond" truecount="2" falsecount="0"/>
          <line num="31" count="100" type="stmt"/>
          <line num="33" count="99" type="stmt"/>
          <line num="34" count="99" type="stmt"/>
          <line num="35" count="99" type="stmt"/>
          <line num="36" count="99" type="stmt"/>
        </file>
        <file name="quick-sort.js" path="/Users/hxxiang/github/henryxiang/javascript-projects/algorithms/src/sort/quick-sort.js">
          <metrics statements="23" coveredstatements="23" conditionals="8" coveredconditionals="8" methods="2" coveredmethods="2"/>
          <line num="4" count="69" type="stmt"/>
          <line num="5" count="69" type="stmt"/>
          <line num="6" count="69" type="stmt"/>
          <line num="7" count="69" type="stmt"/>
          <line num="8" count="69" type="stmt"/>
          <line num="9" count="917" type="cond" truecount="2" falsecount="0"/>
          <line num="10" count="69" type="stmt"/>
          <line num="11" count="848" type="cond" truecount="2" falsecount="0"/>
          <line num="12" count="593" type="stmt"/>
          <line num="13" count="593" type="stmt"/>
          <line num="14" count="593" type="stmt"/>
          <line num="16" count="255" type="stmt"/>
          <line num="17" count="255" type="stmt"/>
          <line num="20" count="69" type="stmt"/>
          <line num="24" count="137" type="cond" truecount="2" falsecount="0"/>
          <line num="25" count="1" type="stmt"/>
          <line num="26" count="1" type="stmt"/>
          <line num="27" count="1" type="stmt"/>
          <line num="29" count="137" type="cond" truecount="2" falsecount="0"/>
          <line num="30" count="69" type="stmt"/>
          <line num="32" count="68" type="stmt"/>
          <line num="33" count="68" type="stmt"/>
          <line num="34" count="68" type="stmt"/>
        </file>
        <file name="selection-sort.js" path="/Users/hxxiang/github/henryxiang/javascript-projects/algorithms/src/sort/selection-sort.js">
          <metrics statements="3" coveredstatements="3" conditionals="0" coveredconditionals="0" methods="1" coveredmethods="1"/>
          <line num="7" count="1" type="stmt"/>
          <line num="8" count="100" type="stmt"/>
          <line num="9" count="100" type="stmt"/>
        </file>
      </package>
    </metrics>
  </project>
</coverage>
