{"/Users/hxxiang/github/henryxiang/javascript-projects/algorithms/src/dummy.js": {"path":"/Users/hxxiang/github/henryxiang/javascript-projects/algorithms/src/dummy.js","statementMap":{"0":{"start":{"line":2,"column":2},"end":{"line":2,"column":26}}},"fnMap":{"0":{"name":"greet","decl":{"start":{"line":1,"column":9},"end":{"line":1,"column":14}},"loc":{"start":{"line":1,"column":21},"end":{"line":3,"column":1}},"line":1}},"branchMap":{},"s":{"0":1},"f":{"0":1},"b":{},"_coverageSchema":"332fd63041d2c1bcb487cc26dd0d5f7d97098a6c","hash":"d2e1274d8d3529bc8649ba48360436765304e1a4"}
,"/Users/hxxiang/github/henryxiang/javascript-projects/algorithms/src/array-utils/index.js": {"path":"/Users/hxxiang/github/henryxiang/javascript-projects/algorithms/src/array-utils/index.js","statementMap":{"0":{"start":{"line":8,"column":15},"end":{"line":8,"column":22}},"1":{"start":{"line":9,"column":2},"end":{"line":9,"column":20}},"2":{"start":{"line":10,"column":2},"end":{"line":10,"column":17}},"3":{"start":{"line":18,"column":2},"end":{"line":22,"column":3}},"4":{"start":{"line":19,"column":14},"end":{"line":19,"column":29}},"5":{"start":{"line":20,"column":14},"end":{"line":20,"column":43}},"6":{"start":{"line":21,"column":4},"end":{"line":21,"column":21}},"7":{"start":{"line":31,"column":2},"end":{"line":33,"column":3}},"8":{"start":{"line":32,"column":4},"end":{"line":32,"column":16}},"9":{"start":{"line":34,"column":2},"end":{"line":40,"column":3}},"10":{"start":{"line":35,"column":4},"end":{"line":39,"column":5}},"11":{"start":{"line":36,"column":6},"end":{"line":36,"column":19}},"12":{"start":{"line":37,"column":11},"end":{"line":39,"column":5}},"13":{"start":{"line":38,"column":6},"end":{"line":38,"column":19}},"14":{"start":{"line":41,"column":2},"end":{"line":41,"column":14}},"15":{"start":{"line":49,"column":10},"end":{"line":49,"column":11}},"16":{"start":{"line":50,"column":10},"end":{"line":50,"column":25}},"17":{"start":{"line":51,"column":2},"end":{"line":53,"column":3}},"18":{"start":{"line":52,"column":4},"end":{"line":52,"column":25}},"19":{"start":{"line":62,"column":2},"end":{"line":64,"column":3}},"20":{"start":{"line":63,"column":4},"end":{"line":63,"column":17}},"21":{"start":{"line":65,"column":2},"end":{"line":69,"column":3}},"22":{"start":{"line":66,"column":4},"end":{"line":68,"column":5}},"23":{"start":{"line":67,"column":6},"end":{"line":67,"column":19}},"24":{"start":{"line":70,"column":2},"end":{"line":70,"column":14}}},"fnMap":{"0":{"name":"swap","decl":{"start":{"line":7,"column":9},"end":{"line":7,"column":13}},"loc":{"start":{"line":7,"column":26},"end":{"line":11,"column":1}},"line":7},"1":{"name":"shuffle","decl":{"start":{"line":17,"column":9},"end":{"line":17,"column":16}},"loc":{"start":{"line":17,"column":23},"end":{"line":23,"column":1}},"line":17},"2":{"name":"isSorted","decl":{"start":{"line":30,"column":9},"end":{"line":30,"column":17}},"loc":{"start":{"line":30,"column":33},"end":{"line":42,"column":1}},"line":30},"3":{"name":"reverse","decl":{"start":{"line":48,"column":9},"end":{"line":48,"column":16}},"loc":{"start":{"line":48,"column":23},"end":{"line":54,"column":1}},"line":48},"4":{"name":"isEqual","decl":{"start":{"line":61,"column":9},"end":{"line":61,"column":16}},"loc":{"start":{"line":61,"column":23},"end":{"line":71,"column":1}},"line":61}},"branchMap":{"0":{"loc":{"start":{"line":31,"column":2},"end":{"line":33,"column":3}},"type":"if","locations":[{"start":{"line":31,"column":2},"end":{"line":33,"column":3}},{"start":{"line":31,"column":2},"end":{"line":33,"column":3}}],"line":31},"1":{"loc":{"start":{"line":35,"column":4},"end":{"line":39,"column":5}},"type":"if","locations":[{"start":{"line":35,"column":4},"end":{"line":39,"column":5}},{"start":{"line":35,"column":4},"end":{"line":39,"column":5}}],"line":35},"2":{"loc":{"start":{"line":35,"column":8},"end":{"line":35,"column":39}},"type":"binary-expr","locations":[{"start":{"line":35,"column":8},"end":{"line":35,"column":16}},{"start":{"line":35,"column":20},"end":{"line":35,"column":39}}],"line":35},"3":{"loc":{"start":{"line":37,"column":11},"end":{"line":39,"column":5}},"type":"if","locations":[{"start":{"line":37,"column":11},"end":{"line":39,"column":5}},{"start":{"line":37,"column":11},"end":{"line":39,"column":5}}],"line":37},"4":{"loc":{"start":{"line":62,"column":2},"end":{"line":64,"column":3}},"type":"if","locations":[{"start":{"line":62,"column":2},"end":{"line":64,"column":3}},{"start":{"line":62,"column":2},"end":{"line":64,"column":3}}],"line":62},"5":{"loc":{"start":{"line":66,"column":4},"end":{"line":68,"column":5}},"type":"if","locations":[{"start":{"line":66,"column":4},"end":{"line":68,"column":5}},{"start":{"line":66,"column":4},"end":{"line":68,"column":5}}],"line":66}},"s":{"0":8,"1":8,"2":8,"3":1,"4":5,"5":5,"6":5,"7":5,"8":1,"9":4,"10":8,"11":2,"12":6,"13":1,"14":1,"15":1,"16":1,"17":1,"18":2,"19":5,"20":1,"21":4,"22":13,"23":2,"24":2},"f":{"0":8,"1":1,"2":5,"3":1,"4":5},"b":{"0":[1,4],"1":[2,6],"2":[8,3],"3":[1,5],"4":[1,4],"5":[2,11]},"_coverageSchema":"332fd63041d2c1bcb487cc26dd0d5f7d97098a6c","hash":"17f71ef5557b5d1d11cad6b5c8b7fe6575268900"}
}
