{"/Users/henry/github/henryxiang/javascript-projects/algorithms/src/dummy.js": {"path":"/Users/henry/github/henryxiang/javascript-projects/algorithms/src/dummy.js","statementMap":{"0":{"start":{"line":2,"column":2},"end":{"line":2,"column":26}}},"fnMap":{"0":{"name":"greet","decl":{"start":{"line":1,"column":9},"end":{"line":1,"column":14}},"loc":{"start":{"line":1,"column":21},"end":{"line":3,"column":1}},"line":1}},"branchMap":{},"s":{"0":1},"f":{"0":1},"b":{},"_coverageSchema":"332fd63041d2c1bcb487cc26dd0d5f7d97098a6c","hash":"4113bc43a9225e7e6ff664e270b76622b6b99e42"}
,"/Users/henry/github/henryxiang/javascript-projects/algorithms/src/array-utils/index.js": {"path":"/Users/henry/github/henryxiang/javascript-projects/algorithms/src/array-utils/index.js","statementMap":{"0":{"start":{"line":8,"column":15},"end":{"line":8,"column":22}},"1":{"start":{"line":9,"column":2},"end":{"line":9,"column":20}},"2":{"start":{"line":10,"column":2},"end":{"line":10,"column":17}},"3":{"start":{"line":18,"column":2},"end":{"line":22,"column":3}},"4":{"start":{"line":19,"column":14},"end":{"line":19,"column":29}},"5":{"start":{"line":20,"column":14},"end":{"line":20,"column":43}},"6":{"start":{"line":21,"column":4},"end":{"line":21,"column":21}},"7":{"start":{"line":31,"column":2},"end":{"line":33,"column":3}},"8":{"start":{"line":32,"column":4},"end":{"line":32,"column":16}},"9":{"start":{"line":34,"column":2},"end":{"line":40,"column":3}},"10":{"start":{"line":35,"column":4},"end":{"line":39,"column":5}},"11":{"start":{"line":36,"column":6},"end":{"line":36,"column":19}},"12":{"start":{"line":37,"column":11},"end":{"line":39,"column":5}},"13":{"start":{"line":38,"column":6},"end":{"line":38,"column":19}},"14":{"start":{"line":41,"column":2},"end":{"line":41,"column":14}},"15":{"start":{"line":49,"column":10},"end":{"line":49,"column":11}},"16":{"start":{"line":50,"column":10},"end":{"line":50,"column":25}},"17":{"start":{"line":51,"column":2},"end":{"line":53,"column":3}},"18":{"start":{"line":52,"column":4},"end":{"line":52,"column":25}},"19":{"start":{"line":62,"column":2},"end":{"line":64,"column":3}},"20":{"start":{"line":63,"column":4},"end":{"line":63,"column":17}},"21":{"start":{"line":65,"column":2},"end":{"line":69,"column":3}},"22":{"start":{"line":66,"column":4},"end":{"line":68,"column":5}},"23":{"start":{"line":67,"column":6},"end":{"line":67,"column":19}},"24":{"start":{"line":70,"column":2},"end":{"line":70,"column":14}},"25":{"start":{"line":80,"column":2},"end":{"line":82,"column":3}},"26":{"start":{"line":81,"column":4},"end":{"line":81,"column":13}},"27":{"start":{"line":83,"column":2},"end":{"line":85,"column":3}},"28":{"start":{"line":84,"column":4},"end":{"line":84,"column":21}},"29":{"start":{"line":86,"column":2},"end":{"line":88,"column":3}},"30":{"start":{"line":87,"column":4},"end":{"line":87,"column":14}},"31":{"start":{"line":89,"column":12},"end":{"line":89,"column":22}},"32":{"start":{"line":90,"column":17},"end":{"line":90,"column":21}},"33":{"start":{"line":91,"column":2},"end":{"line":96,"column":3}},"34":{"start":{"line":92,"column":4},"end":{"line":95,"column":5}},"35":{"start":{"line":93,"column":6},"end":{"line":93,"column":20}},"36":{"start":{"line":94,"column":6},"end":{"line":94,"column":19}},"37":{"start":{"line":97,"column":2},"end":{"line":97,"column":18}},"38":{"start":{"line":107,"column":2},"end":{"line":109,"column":3}},"39":{"start":{"line":108,"column":4},"end":{"line":108,"column":13}},"40":{"start":{"line":110,"column":2},"end":{"line":112,"column":3}},"41":{"start":{"line":111,"column":4},"end":{"line":111,"column":21}},"42":{"start":{"line":113,"column":2},"end":{"line":115,"column":3}},"43":{"start":{"line":114,"column":4},"end":{"line":114,"column":14}},"44":{"start":{"line":116,"column":12},"end":{"line":116,"column":22}},"45":{"start":{"line":117,"column":17},"end":{"line":117,"column":21}},"46":{"start":{"line":118,"column":2},"end":{"line":123,"column":3}},"47":{"start":{"line":119,"column":4},"end":{"line":122,"column":5}},"48":{"start":{"line":120,"column":6},"end":{"line":120,"column":20}},"49":{"start":{"line":121,"column":6},"end":{"line":121,"column":19}},"50":{"start":{"line":124,"column":2},"end":{"line":124,"column":18}}},"fnMap":{"0":{"name":"swap","decl":{"start":{"line":7,"column":16},"end":{"line":7,"column":20}},"loc":{"start":{"line":7,"column":33},"end":{"line":11,"column":1}},"line":7},"1":{"name":"shuffle","decl":{"start":{"line":17,"column":16},"end":{"line":17,"column":23}},"loc":{"start":{"line":17,"column":30},"end":{"line":23,"column":1}},"line":17},"2":{"name":"isSorted","decl":{"start":{"line":30,"column":16},"end":{"line":30,"column":24}},"loc":{"start":{"line":30,"column":40},"end":{"line":42,"column":1}},"line":30},"3":{"name":"reverse","decl":{"start":{"line":48,"column":16},"end":{"line":48,"column":23}},"loc":{"start":{"line":48,"column":30},"end":{"line":54,"column":1}},"line":48},"4":{"name":"isEqual","decl":{"start":{"line":61,"column":16},"end":{"line":61,"column":23}},"loc":{"start":{"line":61,"column":30},"end":{"line":71,"column":1}},"line":61},"5":{"name":"findMinIndex","decl":{"start":{"line":79,"column":16},"end":{"line":79,"column":28}},"loc":{"start":{"line":79,"column":45},"end":{"line":98,"column":1}},"line":79},"6":{"name":"findMaxIndex","decl":{"start":{"line":106,"column":16},"end":{"line":106,"column":28}},"loc":{"start":{"line":106,"column":45},"end":{"line":125,"column":1}},"line":106}},"branchMap":{"0":{"loc":{"start":{"line":31,"column":2},"end":{"line":33,"column":3}},"type":"if","locations":[{"start":{"line":31,"column":2},"end":{"line":33,"column":3}},{"start":{"line":31,"column":2},"end":{"line":33,"column":3}}],"line":31},"1":{"loc":{"start":{"line":35,"column":4},"end":{"line":39,"column":5}},"type":"if","locations":[{"start":{"line":35,"column":4},"end":{"line":39,"column":5}},{"start":{"line":35,"column":4},"end":{"line":39,"column":5}}],"line":35},"2":{"loc":{"start":{"line":35,"column":8},"end":{"line":35,"column":39}},"type":"binary-expr","locations":[{"start":{"line":35,"column":8},"end":{"line":35,"column":16}},{"start":{"line":35,"column":20},"end":{"line":35,"column":39}}],"line":35},"3":{"loc":{"start":{"line":37,"column":11},"end":{"line":39,"column":5}},"type":"if","locations":[{"start":{"line":37,"column":11},"end":{"line":39,"column":5}},{"start":{"line":37,"column":11},"end":{"line":39,"column":5}}],"line":37},"4":{"loc":{"start":{"line":62,"column":2},"end":{"line":64,"column":3}},"type":"if","locations":[{"start":{"line":62,"column":2},"end":{"line":64,"column":3}},{"start":{"line":62,"column":2},"end":{"line":64,"column":3}}],"line":62},"5":{"loc":{"start":{"line":66,"column":4},"end":{"line":68,"column":5}},"type":"if","locations":[{"start":{"line":66,"column":4},"end":{"line":68,"column":5}},{"start":{"line":66,"column":4},"end":{"line":68,"column":5}}],"line":66},"6":{"loc":{"start":{"line":80,"column":2},"end":{"line":82,"column":3}},"type":"if","locations":[{"start":{"line":80,"column":2},"end":{"line":82,"column":3}},{"start":{"line":80,"column":2},"end":{"line":82,"column":3}}],"line":80},"7":{"loc":{"start":{"line":83,"column":2},"end":{"line":85,"column":3}},"type":"if","locations":[{"start":{"line":83,"column":2},"end":{"line":85,"column":3}},{"start":{"line":83,"column":2},"end":{"line":85,"column":3}}],"line":83},"8":{"loc":{"start":{"line":86,"column":2},"end":{"line":88,"column":3}},"type":"if","locations":[{"start":{"line":86,"column":2},"end":{"line":88,"column":3}},{"start":{"line":86,"column":2},"end":{"line":88,"column":3}}],"line":86},"9":{"loc":{"start":{"line":92,"column":4},"end":{"line":95,"column":5}},"type":"if","locations":[{"start":{"line":92,"column":4},"end":{"line":95,"column":5}},{"start":{"line":92,"column":4},"end":{"line":95,"column":5}}],"line":92},"10":{"loc":{"start":{"line":107,"column":2},"end":{"line":109,"column":3}},"type":"if","locations":[{"start":{"line":107,"column":2},"end":{"line":109,"column":3}},{"start":{"line":107,"column":2},"end":{"line":109,"column":3}}],"line":107},"11":{"loc":{"start":{"line":110,"column":2},"end":{"line":112,"column":3}},"type":"if","locations":[{"start":{"line":110,"column":2},"end":{"line":112,"column":3}},{"start":{"line":110,"column":2},"end":{"line":112,"column":3}}],"line":110},"12":{"loc":{"start":{"line":113,"column":2},"end":{"line":115,"column":3}},"type":"if","locations":[{"start":{"line":113,"column":2},"end":{"line":115,"column":3}},{"start":{"line":113,"column":2},"end":{"line":115,"column":3}}],"line":113},"13":{"loc":{"start":{"line":119,"column":4},"end":{"line":122,"column":5}},"type":"if","locations":[{"start":{"line":119,"column":4},"end":{"line":122,"column":5}},{"start":{"line":119,"column":4},"end":{"line":122,"column":5}}],"line":119}},"s":{"0":3911,"1":3911,"2":3911,"3":6,"4":505,"5":505,"6":505,"7":13,"8":1,"9":12,"10":16,"11":6,"12":10,"13":5,"14":1,"15":1,"16":1,"17":1,"18":2,"19":9,"20":1,"21":8,"22":29,"23":2,"24":6,"25":104,"26":2,"27":104,"28":102,"29":104,"30":1,"31":103,"32":103,"33":103,"34":5068,"35":288,"36":288,"37":103,"38":4,"39":1,"40":4,"41":2,"42":4,"43":1,"44":3,"45":3,"46":3,"47":18,"48":6,"49":6,"50":3},"f":{"0":3911,"1":6,"2":13,"3":1,"4":9,"5":104,"6":4},"b":{"0":[1,12],"1":[6,10],"2":[16,11],"3":[5,5],"4":[1,8],"5":[2,27],"6":[2,102],"7":[102,2],"8":[1,103],"9":[288,4780],"10":[1,3],"11":[2,2],"12":[1,3],"13":[6,12]},"_coverageSchema":"332fd63041d2c1bcb487cc26dd0d5f7d97098a6c","hash":"dbac3e4b51b8eaf2776a8ae082d1ab96362697d7"}
,"/Users/henry/github/henryxiang/javascript-projects/algorithms/src/sort/insertion-sort.js": {"path":"/Users/henry/github/henryxiang/javascript-projects/algorithms/src/sort/insertion-sort.js","statementMap":{"0":{"start":{"line":7,"column":2},"end":{"line":13,"column":3}},"1":{"start":{"line":8,"column":12},"end":{"line":8,"column":13}},"2":{"start":{"line":9,"column":4},"end":{"line":12,"column":5}},"3":{"start":{"line":10,"column":6},"end":{"line":10,"column":25}},"4":{"start":{"line":11,"column":6},"end":{"line":11,"column":13}}},"fnMap":{"0":{"name":"sort","decl":{"start":{"line":6,"column":16},"end":{"line":6,"column":20}},"loc":{"start":{"line":6,"column":27},"end":{"line":14,"column":1}},"line":6}},"branchMap":{"0":{"loc":{"start":{"line":9,"column":10},"end":{"line":9,"column":38}},"type":"binary-expr","locations":[{"start":{"line":9,"column":10},"end":{"line":9,"column":15}},{"start":{"line":9,"column":19},"end":{"line":9,"column":38}}],"line":9}},"s":{"0":1,"1":100,"2":100,"3":2571,"4":2571},"f":{"0":1},"b":{"0":[2671,2664]},"_coverageSchema":"332fd63041d2c1bcb487cc26dd0d5f7d97098a6c","hash":"9618fa1ba7d63473e6491b5e1f909eb3f80d1ecc"}
,"/Users/henry/github/henryxiang/javascript-projects/algorithms/src/sort/merge-sort.js": {"path":"/Users/henry/github/henryxiang/javascript-projects/algorithms/src/sort/merge-sort.js","statementMap":{"0":{"start":{"line":9,"column":2},"end":{"line":11,"column":3}},"1":{"start":{"line":10,"column":4},"end":{"line":10,"column":11}},"2":{"start":{"line":12,"column":15},"end":{"line":12,"column":41}},"3":{"start":{"line":13,"column":10},"end":{"line":13,"column":11}},"4":{"start":{"line":14,"column":10},"end":{"line":14,"column":25}},"5":{"start":{"line":15,"column":2},"end":{"line":29,"column":3}},"6":{"start":{"line":16,"column":4},"end":{"line":28,"column":5}},"7":{"start":{"line":17,"column":6},"end":{"line":17,"column":24}},"8":{"start":{"line":18,"column":6},"end":{"line":18,"column":10}},"9":{"start":{"line":19,"column":11},"end":{"line":28,"column":5}},"10":{"start":{"line":20,"column":6},"end":{"line":20,"column":24}},"11":{"start":{"line":21,"column":6},"end":{"line":21,"column":10}},"12":{"start":{"line":22,"column":11},"end":{"line":28,"column":5}},"13":{"start":{"line":23,"column":6},"end":{"line":23,"column":24}},"14":{"start":{"line":24,"column":6},"end":{"line":24,"column":10}},"15":{"start":{"line":26,"column":6},"end":{"line":26,"column":24}},"16":{"start":{"line":27,"column":6},"end":{"line":27,"column":10}},"17":{"start":{"line":39,"column":2},"end":{"line":42,"column":3}},"18":{"start":{"line":40,"column":4},"end":{"line":40,"column":14}},"19":{"start":{"line":41,"column":4},"end":{"line":41,"column":26}},"20":{"start":{"line":43,"column":2},"end":{"line":45,"column":3}},"21":{"start":{"line":44,"column":4},"end":{"line":44,"column":11}},"22":{"start":{"line":46,"column":14},"end":{"line":46,"column":43}},"23":{"start":{"line":47,"column":2},"end":{"line":47,"column":25}},"24":{"start":{"line":48,"column":2},"end":{"line":48,"column":27}},"25":{"start":{"line":49,"column":2},"end":{"line":49,"column":31}}},"fnMap":{"0":{"name":"merge","decl":{"start":{"line":8,"column":16},"end":{"line":8,"column":21}},"loc":{"start":{"line":8,"column":45},"end":{"line":30,"column":1}},"line":8},"1":{"name":"sort","decl":{"start":{"line":38,"column":16},"end":{"line":38,"column":20}},"loc":{"start":{"line":38,"column":39},"end":{"line":50,"column":1}},"line":38}},"branchMap":{"0":{"loc":{"start":{"line":9,"column":2},"end":{"line":11,"column":3}},"type":"if","locations":[{"start":{"line":9,"column":2},"end":{"line":11,"column":3}},{"start":{"line":9,"column":2},"end":{"line":11,"column":3}}],"line":9},"1":{"loc":{"start":{"line":16,"column":4},"end":{"line":28,"column":5}},"type":"if","locations":[{"start":{"line":16,"column":4},"end":{"line":28,"column":5}},{"start":{"line":16,"column":4},"end":{"line":28,"column":5}}],"line":16},"2":{"loc":{"start":{"line":19,"column":11},"end":{"line":28,"column":5}},"type":"if","locations":[{"start":{"line":19,"column":11},"end":{"line":28,"column":5}},{"start":{"line":19,"column":11},"end":{"line":28,"column":5}}],"line":19},"3":{"loc":{"start":{"line":22,"column":11},"end":{"line":28,"column":5}},"type":"if","locations":[{"start":{"line":22,"column":11},"end":{"line":28,"column":5}},{"start":{"line":22,"column":11},"end":{"line":28,"column":5}}],"line":22},"4":{"loc":{"start":{"line":39,"column":2},"end":{"line":42,"column":3}},"type":"if","locations":[{"start":{"line":39,"column":2},"end":{"line":42,"column":3}},{"start":{"line":39,"column":2},"end":{"line":42,"column":3}}],"line":39},"5":{"loc":{"start":{"line":43,"column":2},"end":{"line":45,"column":3}},"type":"if","locations":[{"start":{"line":43,"column":2},"end":{"line":45,"column":3}},{"start":{"line":43,"column":2},"end":{"line":45,"column":3}}],"line":43}},"s":{"0":102,"1":1,"2":101,"3":101,"4":101,"5":101,"6":680,"7":74,"8":74,"9":606,"10":94,"11":94,"12":512,"13":267,"14":267,"15":245,"16":245,"17":199,"18":1,"19":1,"20":199,"21":100,"22":99,"23":99,"24":99,"25":99},"f":{"0":102,"1":199},"b":{"0":[1,101],"1":[74,606],"2":[94,512],"3":[267,245],"4":[1,198],"5":[100,99]},"_coverageSchema":"332fd63041d2c1bcb487cc26dd0d5f7d97098a6c","hash":"797d09ac11e61e0383448c95b1841fb1faff4545"}
,"/Users/henry/github/henryxiang/javascript-projects/algorithms/src/sort/quick-sort.js": {"path":"/Users/henry/github/henryxiang/javascript-projects/algorithms/src/sort/quick-sort.js","statementMap":{"0":{"start":{"line":4,"column":16},"end":{"line":4,"column":27}},"1":{"start":{"line":5,"column":10},"end":{"line":5,"column":15}},"2":{"start":{"line":6,"column":11},"end":{"line":6,"column":16}},"3":{"start":{"line":7,"column":11},"end":{"line":7,"column":14}},"4":{"start":{"line":8,"column":2},"end":{"line":19,"column":3}},"5":{"start":{"line":9,"column":4},"end":{"line":18,"column":5}},"6":{"start":{"line":10,"column":6},"end":{"line":10,"column":13}},"7":{"start":{"line":11,"column":11},"end":{"line":18,"column":5}},"8":{"start":{"line":12,"column":6},"end":{"line":12,"column":24}},"9":{"start":{"line":13,"column":6},"end":{"line":13,"column":13}},"10":{"start":{"line":14,"column":6},"end":{"line":14,"column":14}},"11":{"start":{"line":16,"column":6},"end":{"line":16,"column":24}},"12":{"start":{"line":17,"column":6},"end":{"line":17,"column":14}},"13":{"start":{"line":20,"column":2},"end":{"line":20,"column":18}},"14":{"start":{"line":24,"column":2},"end":{"line":28,"column":3}},"15":{"start":{"line":25,"column":4},"end":{"line":25,"column":18}},"16":{"start":{"line":26,"column":4},"end":{"line":26,"column":14}},"17":{"start":{"line":27,"column":4},"end":{"line":27,"column":26}},"18":{"start":{"line":29,"column":2},"end":{"line":31,"column":3}},"19":{"start":{"line":30,"column":4},"end":{"line":30,"column":11}},"20":{"start":{"line":32,"column":19},"end":{"line":32,"column":46}},"21":{"start":{"line":33,"column":2},"end":{"line":33,"column":26}},"22":{"start":{"line":34,"column":2},"end":{"line":34,"column":24}}},"fnMap":{"0":{"name":"partition","decl":{"start":{"line":3,"column":16},"end":{"line":3,"column":25}},"loc":{"start":{"line":3,"column":44},"end":{"line":21,"column":1}},"line":3},"1":{"name":"sort","decl":{"start":{"line":23,"column":16},"end":{"line":23,"column":20}},"loc":{"start":{"line":23,"column":39},"end":{"line":35,"column":1}},"line":23}},"branchMap":{"0":{"loc":{"start":{"line":9,"column":4},"end":{"line":18,"column":5}},"type":"if","locations":[{"start":{"line":9,"column":4},"end":{"line":18,"column":5}},{"start":{"line":9,"column":4},"end":{"line":18,"column":5}}],"line":9},"1":{"loc":{"start":{"line":11,"column":11},"end":{"line":18,"column":5}},"type":"if","locations":[{"start":{"line":11,"column":11},"end":{"line":18,"column":5}},{"start":{"line":11,"column":11},"end":{"line":18,"column":5}}],"line":11},"2":{"loc":{"start":{"line":24,"column":2},"end":{"line":28,"column":3}},"type":"if","locations":[{"start":{"line":24,"column":2},"end":{"line":28,"column":3}},{"start":{"line":24,"column":2},"end":{"line":28,"column":3}}],"line":24},"3":{"loc":{"start":{"line":29,"column":2},"end":{"line":31,"column":3}},"type":"if","locations":[{"start":{"line":29,"column":2},"end":{"line":31,"column":3}},{"start":{"line":29,"column":2},"end":{"line":31,"column":3}}],"line":29}},"s":{"0":67,"1":67,"2":67,"3":67,"4":67,"5":799,"6":67,"7":732,"8":436,"9":436,"10":436,"11":296,"12":296,"13":67,"14":133,"15":1,"16":1,"17":1,"18":133,"19":67,"20":66,"21":66,"22":66},"f":{"0":67,"1":133},"b":{"0":[67,732],"1":[436,296],"2":[1,132],"3":[67,66]},"_coverageSchema":"332fd63041d2c1bcb487cc26dd0d5f7d97098a6c","hash":"5748575126307e40ca79ee41c7cd3838e70c23b3"}
,"/Users/henry/github/henryxiang/javascript-projects/algorithms/src/sort/selection-sort.js": {"path":"/Users/henry/github/henryxiang/javascript-projects/algorithms/src/sort/selection-sort.js","statementMap":{"0":{"start":{"line":7,"column":2},"end":{"line":10,"column":3}},"1":{"start":{"line":8,"column":14},"end":{"line":8,"column":35}},"2":{"start":{"line":9,"column":4},"end":{"line":9,"column":21}}},"fnMap":{"0":{"name":"sort","decl":{"start":{"line":6,"column":16},"end":{"line":6,"column":20}},"loc":{"start":{"line":6,"column":27},"end":{"line":11,"column":1}},"line":6}},"branchMap":{},"s":{"0":1,"1":100,"2":100},"f":{"0":1},"b":{},"_coverageSchema":"332fd63041d2c1bcb487cc26dd0d5f7d97098a6c","hash":"b1947e9ca2d39763bd8cdf516c31f21d17fc01f1"}
}
