TN:
SF:/Users/henry/github/henryxiang/javascript-projects/algorithms/src/dummy.js
FN:1,greet
FNF:1
FNH:1
FNDA:1,greet
DA:2,1
LF:1
LH:1
BRF:0
BRH:0
end_of_record
TN:
SF:/Users/henry/github/henryxiang/javascript-projects/algorithms/src/array-utils/index.js
FN:7,swap
FN:17,shuffle
FN:30,isSorted
FN:48,reverse
FN:61,isEqual
FN:79,findMinIndex
FN:106,findMaxIndex
FNF:7
FNH:7
FNDA:3911,swap
FNDA:6,shuffle
FNDA:13,isSorted
FNDA:1,reverse
FNDA:9,isEqual
FNDA:104,findMinIndex
FNDA:4,findMaxIndex
DA:8,3911
DA:9,3911
DA:10,3911
DA:18,6
DA:19,505
DA:20,505
DA:21,505
DA:31,13
DA:32,1
DA:34,12
DA:35,16
DA:36,6
DA:37,10
DA:38,5
DA:41,1
DA:49,1
DA:50,1
DA:51,1
DA:52,2
DA:62,9
DA:63,1
DA:65,8
DA:66,29
DA:67,2
DA:70,6
DA:80,104
DA:81,2
DA:83,104
DA:84,102
DA:86,104
DA:87,1
DA:89,103
DA:90,103
DA:91,103
DA:92,5068
DA:93,288
DA:94,288
DA:97,103
DA:107,4
DA:108,1
DA:110,4
DA:111,2
DA:113,4
DA:114,1
DA:116,3
DA:117,3
DA:118,3
DA:119,18
DA:120,6
DA:121,6
DA:124,3
LF:51
LH:51
BRDA:31,0,0,1
BRDA:31,0,1,12
BRDA:35,1,0,6
BRDA:35,1,1,10
BRDA:35,2,0,16
BRDA:35,2,1,11
BRDA:37,3,0,5
BRDA:37,3,1,5
BRDA:62,4,0,1
BRDA:62,4,1,8
BRDA:66,5,0,2
BRDA:66,5,1,27
BRDA:80,6,0,2
BRDA:80,6,1,102
BRDA:83,7,0,102
BRDA:83,7,1,2
BRDA:86,8,0,1
BRDA:86,8,1,103
BRDA:92,9,0,288
BRDA:92,9,1,4780
BRDA:107,10,0,1
BRDA:107,10,1,3
BRDA:110,11,0,2
BRDA:110,11,1,2
BRDA:113,12,0,1
BRDA:113,12,1,3
BRDA:119,13,0,6
BRDA:119,13,1,12
BRF:28
BRH:28
end_of_record
TN:
SF:/Users/henry/github/henryxiang/javascript-projects/algorithms/src/sort/insertion-sort.js
FN:6,sort
FNF:1
FNH:1
FNDA:1,sort
DA:7,1
DA:8,100
DA:9,100
DA:10,2571
DA:11,2571
LF:5
LH:5
BRDA:9,0,0,2671
BRDA:9,0,1,2664
BRF:2
BRH:2
end_of_record
TN:
SF:/Users/henry/github/henryxiang/javascript-projects/algorithms/src/sort/merge-sort.js
FN:8,merge
FN:38,sort
FNF:2
FNH:2
FNDA:102,merge
FNDA:199,sort
DA:9,102
DA:10,1
DA:12,101
DA:13,101
DA:14,101
DA:15,101
DA:16,680
DA:17,74
DA:18,74
DA:19,606
DA:20,94
DA:21,94
DA:22,512
DA:23,267
DA:24,267
DA:26,245
DA:27,245
DA:39,199
DA:40,1
DA:41,1
DA:43,199
DA:44,100
DA:46,99
DA:47,99
DA:48,99
DA:49,99
LF:26
LH:26
BRDA:9,0,0,1
BRDA:9,0,1,101
BRDA:16,1,0,74
BRDA:16,1,1,606
BRDA:19,2,0,94
BRDA:19,2,1,512
BRDA:22,3,0,267
BRDA:22,3,1,245
BRDA:39,4,0,1
BRDA:39,4,1,198
BRDA:43,5,0,100
BRDA:43,5,1,99
BRF:12
BRH:12
end_of_record
TN:
SF:/Users/henry/github/henryxiang/javascript-projects/algorithms/src/sort/quick-sort.js
FN:3,partition
FN:23,sort
FNF:2
FNH:2
FNDA:67,partition
FNDA:133,sort
DA:4,67
DA:5,67
DA:6,67
DA:7,67
DA:8,67
DA:9,799
DA:10,67
DA:11,732
DA:12,436
DA:13,436
DA:14,436
DA:16,296
DA:17,296
DA:20,67
DA:24,133
DA:25,1
DA:26,1
DA:27,1
DA:29,133
DA:30,67
DA:32,66
DA:33,66
DA:34,66
LF:23
LH:23
BRDA:9,0,0,67
BRDA:9,0,1,732
BRDA:11,1,0,436
BRDA:11,1,1,296
BRDA:24,2,0,1
BRDA:24,2,1,132
BRDA:29,3,0,67
BRDA:29,3,1,66
BRF:8
BRH:8
end_of_record
TN:
SF:/Users/henry/github/henryxiang/javascript-projects/algorithms/src/sort/selection-sort.js
FN:6,sort
FNF:1
FNH:1
FNDA:1,sort
DA:7,1
DA:8,100
DA:9,100
LF:3
LH:3
BRF:0
BRH:0
end_of_record
