TN:
SF:/Users/hxxiang/github/henryxiang/javascript-projects/algorithms/src/dummy.js
FN:1,greet
FNF:1
FNH:1
FNDA:1,greet
DA:2,1
LF:1
LH:1
BRF:0
BRH:0
end_of_record
TN:
SF:/Users/hxxiang/github/henryxiang/javascript-projects/algorithms/src/array-utils/index.js
FN:7,swap
FN:17,shuffle
FN:30,isSorted
FN:48,reverse
FN:61,isEqual
FN:79,findMinIndex
FN:106,findMaxIndex
FNF:7
FNH:7
FNDA:4022,swap
FNDA:6,shuffle
FNDA:13,isSorted
FNDA:1,reverse
FNDA:9,isEqual
FNDA:104,findMinIndex
FNDA:4,findMaxIndex
DA:8,4022
DA:9,4022
DA:10,4022
DA:18,6
DA:19,505
DA:20,505
DA:21,505
DA:31,13
DA:32,1
DA:34,12
DA:35,16
DA:36,6
DA:37,10
DA:38,5
DA:41,1
DA:49,1
DA:50,1
DA:51,1
DA:52,2
DA:62,9
DA:63,1
DA:65,8
DA:66,29
DA:67,2
DA:70,6
DA:80,104
DA:81,2
DA:83,104
DA:84,102
DA:86,104
DA:87,1
DA:89,103
DA:90,103
DA:91,103
DA:92,5068
DA:93,302
DA:94,302
DA:97,103
DA:107,4
DA:108,1
DA:110,4
DA:111,2
DA:113,4
DA:114,1
DA:116,3
DA:117,3
DA:118,3
DA:119,18
DA:120,6
DA:121,6
DA:124,3
LF:51
LH:51
BRDA:31,0,0,1
BRDA:31,0,1,12
BRDA:35,1,0,6
BRDA:35,1,1,10
BRDA:35,2,0,16
BRDA:35,2,1,11
BRDA:37,3,0,5
BRDA:37,3,1,5
BRDA:62,4,0,1
BRDA:62,4,1,8
BRDA:66,5,0,2
BRDA:66,5,1,27
BRDA:80,6,0,2
BRDA:80,6,1,102
BRDA:83,7,0,102
BRDA:83,7,1,2
BRDA:86,8,0,1
BRDA:86,8,1,103
BRDA:92,9,0,302
BRDA:92,9,1,4766
BRDA:107,10,0,1
BRDA:107,10,1,3
BRDA:110,11,0,2
BRDA:110,11,1,2
BRDA:113,12,0,1
BRDA:113,12,1,3
BRDA:119,13,0,6
BRDA:119,13,1,12
BRF:28
BRH:28
end_of_record
TN:
SF:/Users/hxxiang/github/henryxiang/javascript-projects/algorithms/src/sort/insertion-sort.js
FN:6,sort
FNF:1
FNH:1
FNDA:1,sort
DA:7,1
DA:8,100
DA:9,100
DA:10,2566
DA:11,2566
LF:5
LH:5
BRDA:9,0,0,2666
BRDA:9,0,1,2660
BRF:2
BRH:2
end_of_record
TN:
SF:/Users/hxxiang/github/henryxiang/javascript-projects/algorithms/src/sort/merge-sort.js
FN:1,merge
FN:25,sort
FNF:2
FNH:2
FNDA:102,merge
FNDA:199,sort
DA:2,102
DA:3,1
DA:5,101
DA:6,101
DA:7,101
DA:8,101
DA:9,680
DA:10,72
DA:11,72
DA:12,608
DA:13,90
DA:14,90
DA:15,518
DA:16,271
DA:17,271
DA:19,247
DA:20,247
DA:26,199
DA:27,1
DA:28,1
DA:30,199
DA:31,100
DA:33,99
DA:34,99
DA:35,99
DA:36,99
LF:26
LH:26
BRDA:2,0,0,1
BRDA:2,0,1,101
BRDA:9,1,0,72
BRDA:9,1,1,608
BRDA:12,2,0,90
BRDA:12,2,1,518
BRDA:15,3,0,271
BRDA:15,3,1,247
BRDA:26,4,0,1
BRDA:26,4,1,198
BRDA:30,5,0,100
BRDA:30,5,1,99
BRF:12
BRH:12
end_of_record
TN:
SF:/Users/hxxiang/github/henryxiang/javascript-projects/algorithms/src/sort/quick-sort.js
FN:3,partition
FN:23,sort
FNF:2
FNH:2
FNDA:69,partition
FNDA:137,sort
DA:4,69
DA:5,69
DA:6,69
DA:7,69
DA:8,69
DA:9,917
DA:10,69
DA:11,848
DA:12,593
DA:13,593
DA:14,593
DA:16,255
DA:17,255
DA:20,69
DA:24,137
DA:25,1
DA:26,1
DA:27,1
DA:29,137
DA:30,69
DA:32,68
DA:33,68
DA:34,68
LF:23
LH:23
BRDA:9,0,0,69
BRDA:9,0,1,848
BRDA:11,1,0,593
BRDA:11,1,1,255
BRDA:24,2,0,1
BRDA:24,2,1,136
BRDA:29,3,0,69
BRDA:29,3,1,68
BRF:8
BRH:8
end_of_record
TN:
SF:/Users/hxxiang/github/henryxiang/javascript-projects/algorithms/src/sort/selection-sort.js
FN:6,sort
FNF:1
FNH:1
FNDA:1,sort
DA:7,1
DA:8,100
DA:9,100
LF:3
LH:3
BRF:0
BRH:0
end_of_record
